<?xml version="1.0" encoding="UTF-8"?>
<!-- Generated by org.testng.reporters.JUnitXMLReporter -->
<testsuite ignored="0" hostname="LAPTOP-EEAS1CV9" failures="0" tests="4" name="Default test" time="34.384" errors="0" timestamp="2023-06-10T14:54:40 IST">
  <testcase classname="DWSRegister.AmazonRegister" name="Register" time="9.15"/>
  <testcase classname="DWSRegister.AmazonRegister" name="Register" time="7.823"/>
  <testcase classname="DWSRegister.AmazonRegister" name="Register" time="8.022"/>
  <testcase classname="DWSRegister.AmazonRegister" name="Register" time="8.1"/>
</testsuite> <!-- Default test -->
